mode: set
epicstyle/analyzer.go:16.39,23.2 3 1
epicstyle/analyzer.go:26.32,70.18 11 1
epicstyle/analyzer.go:70.18,91.3 5 1
epicstyle/analyzer.go:95.62,97.16 2 1
epicstyle/analyzer.go:97.16,99.3 1 1
epicstyle/analyzer.go:101.2,105.29 2 1
epicstyle/analyzer.go:105.29,107.17 2 1
epicstyle/analyzer.go:107.17,108.12 1 0
epicstyle/analyzer.go:110.3,114.34 5 1
epicstyle/analyzer.go:114.34,116.4 1 1
epicstyle/analyzer.go:120.2,120.27 1 1
epicstyle/analyzer.go:120.27,122.37 2 1
epicstyle/analyzer.go:122.37,124.4 1 1
epicstyle/analyzer.go:125.3,125.62 1 1
epicstyle/analyzer.go:128.2,128.20 1 1
epicstyle/analyzer.go:132.64,136.16 3 1
epicstyle/analyzer.go:136.16,138.3 1 1
epicstyle/analyzer.go:140.2,140.18 1 1
epicstyle/analyzer.go:140.18,141.79 1 1
epicstyle/analyzer.go:141.79,142.18 1 1
epicstyle/analyzer.go:142.18,144.5 1 0
epicstyle/analyzer.go:145.4,145.64 1 1
epicstyle/analyzer.go:145.64,147.5 1 1
epicstyle/analyzer.go:148.4,148.14 1 1
epicstyle/analyzer.go:150.3,150.17 1 1
epicstyle/analyzer.go:150.17,152.4 1 0
epicstyle/analyzer.go:153.8,153.75 1 1
epicstyle/analyzer.go:153.75,155.3 1 1
epicstyle/analyzer.go:157.2,157.19 1 1
epicstyle/analyzer.go:161.70,163.16 2 1
epicstyle/analyzer.go:163.16,165.3 1 1
epicstyle/analyzer.go:167.2,182.8 5 1
epicstyle/analyzer.go:186.84,188.31 2 1
epicstyle/analyzer.go:188.31,189.28 1 1
epicstyle/analyzer.go:189.28,192.4 2 1
epicstyle/analyzer.go:194.2,194.19 1 1
epicstyle/analyzer.go:198.67,200.31 2 1
epicstyle/analyzer.go:200.31,202.28 2 1
epicstyle/analyzer.go:202.28,204.4 1 1
epicstyle/analyzer.go:205.3,205.19 1 1
epicstyle/analyzer.go:207.2,207.15 1 1
epicstyle/analyzer.go:207.15,209.3 1 1
epicstyle/analyzer.go:210.2,210.14 1 1
epicstyle/fixer.go:18.55,23.2 1 1
epicstyle/fixer.go:26.62,29.16 2 1
epicstyle/fixer.go:29.16,31.3 1 1
epicstyle/fixer.go:33.2,54.35 10 1
epicstyle/fixer.go:54.35,62.3 3 0
epicstyle/fixer.go:65.2,65.50 1 1
epicstyle/fixer.go:65.50,66.76 1 1
epicstyle/fixer.go:66.76,68.4 1 1
epicstyle/fixer.go:69.3,69.32 1 1
epicstyle/fixer.go:72.2,74.20 2 1
epicstyle/fixer.go:78.75,79.21 1 1
epicstyle/fixer.go:79.21,81.3 1 1
epicstyle/fixer.go:83.2,87.72 3 1
epicstyle/fixer.go:87.72,94.3 2 1
epicstyle/fixer.go:97.2,98.41 2 1
epicstyle/fixer.go:98.41,101.27 2 1
epicstyle/fixer.go:101.27,108.12 2 1
epicstyle/fixer.go:111.3,112.22 2 1
epicstyle/fixer.go:116.2,116.69 1 1
epicstyle/fixer.go:116.69,123.3 2 1
epicstyle/fixer.go:125.2,125.14 1 1
epicstyle/fixer.go:129.76,132.29 2 1
epicstyle/fixer.go:132.29,133.38 1 1
epicstyle/fixer.go:133.38,136.27 2 1
epicstyle/fixer.go:136.27,137.17 1 1
epicstyle/fixer.go:137.17,139.6 1 1
epicstyle/fixer.go:139.11,140.11 1 1
epicstyle/fixer.go:145.4,154.6 4 1
epicstyle/fixer.go:155.9,157.4 1 1
epicstyle/fixer.go:160.2,160.14 1 1
epicstyle/fixer.go:164.93,169.29 3 1
epicstyle/fixer.go:169.29,171.36 1 1
epicstyle/fixer.go:171.36,173.12 2 1
epicstyle/fixer.go:176.3,176.37 1 1
epicstyle/fixer.go:176.37,181.23 3 1
epicstyle/fixer.go:181.23,189.28 5 1
epicstyle/fixer.go:189.28,190.31 1 1
epicstyle/fixer.go:190.31,192.7 1 1
epicstyle/fixer.go:192.12,193.12 1 1
epicstyle/fixer.go:198.5,198.28 1 1
epicstyle/fixer.go:198.28,201.6 2 1
epicstyle/fixer.go:203.5,208.13 2 1
epicstyle/fixer.go:212.3,212.30 1 1
epicstyle/fixer.go:215.2,215.14 1 1
epicstyle/fixer.go:219.78,222.29 2 1
epicstyle/fixer.go:222.29,223.35 1 1
epicstyle/fixer.go:223.35,229.21 4 1
epicstyle/fixer.go:229.21,231.5 1 1
epicstyle/fixer.go:231.10,233.5 1 1
epicstyle/fixer.go:235.4,239.6 1 1
epicstyle/fixer.go:240.9,242.4 1 1
epicstyle/fixer.go:245.2,245.14 1 1
epicstyle/fixer.go:249.84,254.29 3 1
epicstyle/fixer.go:254.29,256.24 2 1
epicstyle/fixer.go:256.24,259.27 2 1
epicstyle/fixer.go:259.27,260.30 1 1
epicstyle/fixer.go:260.30,262.6 1 1
epicstyle/fixer.go:262.11,263.11 1 1
epicstyle/fixer.go:267.4,285.12 10 1
epicstyle/fixer.go:288.3,288.30 1 1
epicstyle/fixer.go:291.2,291.14 1 1
epicstyle/fixer.go:295.57,299.2 3 1
epicstyle/fixer.go:302.53,312.2 6 1
epicstyle/fixer.go:315.35,318.22 2 1
epicstyle/fixer.go:318.22,319.36 1 1
epicstyle/fixer.go:319.36,321.4 1 1
epicstyle/fixer.go:322.3,322.22 1 1
epicstyle/fixer.go:324.2,324.41 1 1
epicstyle/helpers.go:6.33,7.13 1 1
epicstyle/helpers.go:7.13,9.3 1 1
epicstyle/helpers.go:10.2,10.22 1 1
epicstyle/helpers.go:10.22,11.27 1 1
epicstyle/helpers.go:11.27,13.4 1 1
epicstyle/helpers.go:14.3,14.44 1 1
epicstyle/helpers.go:14.44,16.4 1 1
epicstyle/helpers.go:18.2,18.13 1 1
epicstyle/helpers.go:22.42,23.13 1 1
epicstyle/helpers.go:23.13,25.3 1 1
epicstyle/helpers.go:26.2,26.22 1 1
epicstyle/helpers.go:26.22,27.27 1 1
epicstyle/helpers.go:27.27,29.4 1 1
epicstyle/helpers.go:30.3,30.44 1 1
epicstyle/helpers.go:30.44,32.4 1 1
epicstyle/helpers.go:34.2,34.13 1 1
epicstyle/helpers.go:38.54,43.29 4 1
epicstyle/helpers.go:43.29,48.115 2 1
epicstyle/helpers.go:48.115,51.79 1 1
epicstyle/helpers.go:51.79,55.21 2 1
epicstyle/helpers.go:55.21,58.24 3 1
epicstyle/helpers.go:58.24,60.42 2 1
epicstyle/helpers.go:60.42,62.8 1 1
epicstyle/helpers.go:65.7,67.28 3 1
epicstyle/helpers.go:67.28,70.82 3 1
epicstyle/helpers.go:70.82,72.9 1 1
epicstyle/helpers.go:74.8,78.9 1 1
epicstyle/helpers.go:86.3,89.75 3 1
epicstyle/helpers.go:89.75,93.4 3 1
epicstyle/helpers.go:96.2,96.18 1 1
epicstyle/main.go:11.13,24.40 10 0
epicstyle/main.go:24.40,26.3 1 0
epicstyle/main.go:28.2,28.16 1 0
epicstyle/main.go:28.16,32.3 3 0
epicstyle/main.go:35.2,38.29 2 0
epicstyle/main.go:38.29,40.61 2 0
epicstyle/main.go:40.61,43.4 2 0
epicstyle/main.go:44.3,44.9 1 0
epicstyle/main.go:47.2,48.16 2 0
epicstyle/main.go:48.16,51.3 2 0
epicstyle/main.go:54.2,54.17 1 0
epicstyle/main.go:54.17,55.33 1 0
epicstyle/main.go:55.33,57.4 1 0
epicstyle/main.go:58.3,58.13 1 0
epicstyle/main.go:62.2,62.15 1 0
epicstyle/main.go:62.15,64.3 1 0
epicstyle/main.go:64.8,66.3 1 0
epicstyle/main.go:69.2,69.32 1 0
epicstyle/main.go:69.32,71.3 1 0
epicstyle/main.go:75.33,78.2 2 1
epicstyle/main.go:81.62,84.16 2 1
epicstyle/main.go:84.16,86.3 1 0
epicstyle/main.go:88.2,88.21 1 1
epicstyle/main.go:88.21,91.3 2 1
epicstyle/main.go:93.2,97.29 3 1
epicstyle/main.go:97.29,99.17 2 1
epicstyle/main.go:99.17,101.12 2 1
epicstyle/main.go:104.3,104.28 1 1
epicstyle/main.go:104.28,106.30 2 1
epicstyle/main.go:106.30,108.5 1 1
epicstyle/main.go:111.4,111.31 1 1
epicstyle/main.go:111.31,113.38 2 1
epicstyle/main.go:113.38,115.22 2 1
epicstyle/main.go:115.22,117.7 1 1
epicstyle/main.go:118.6,118.22 1 1
epicstyle/main.go:118.22,120.7 1 1
epicstyle/main.go:120.12,122.7 1 0
epicstyle/main.go:127.4,127.32 1 1
epicstyle/main.go:127.32,128.22 1 0
epicstyle/main.go:128.22,129.64 1 0
epicstyle/main.go:129.64,131.7 1 0
epicstyle/main.go:131.12,131.24 1 0
epicstyle/main.go:131.24,133.7 1 0
epicstyle/main.go:134.11,134.23 1 0
epicstyle/main.go:134.23,136.6 1 0
epicstyle/main.go:142.2,144.18 3 1
epicstyle/main.go:144.18,146.21 2 1
epicstyle/main.go:146.21,148.4 1 1
epicstyle/main.go:149.8,152.21 3 1
epicstyle/main.go:152.21,154.4 1 1
epicstyle/main.go:157.2,157.12 1 1
epicstyle/main.go:161.51,163.16 2 1
epicstyle/main.go:163.16,165.3 1 1
epicstyle/main.go:167.2,169.18 2 1
epicstyle/main.go:169.18,170.79 1 1
epicstyle/main.go:170.79,171.18 1 1
epicstyle/main.go:171.18,173.5 1 0
epicstyle/main.go:174.4,175.53 2 1
epicstyle/main.go:175.53,177.5 1 1
epicstyle/main.go:178.4,178.14 1 1
epicstyle/main.go:180.3,180.17 1 1
epicstyle/main.go:180.17,182.4 1 0
epicstyle/main.go:183.8,185.33 2 1
epicstyle/main.go:185.33,187.4 1 1
epicstyle/main.go:190.2,190.19 1 1
epicstyle/reporter.go:10.48,15.2 4 1
epicstyle/reporter.go:18.20,23.2 4 1
epicstyle/reporter.go:26.35,34.27 7 1
epicstyle/reporter.go:34.27,36.3 1 1
epicstyle/reporter.go:37.2,38.15 2 1
epicstyle/reporter.go:42.53,44.47 1 1
epicstyle/reporter.go:44.47,46.3 1 0
epicstyle/reporter.go:49.2,49.36 1 1
epicstyle/reporter.go:49.36,50.32 1 1
epicstyle/reporter.go:50.32,53.4 1 1
epicstyle/reporter.go:53.9,56.4 1 1
epicstyle/reporter.go:58.3,58.42 1 1
epicstyle/reporter.go:58.42,60.4 1 1
epicstyle/reporter.go:63.2,63.15 1 1
epicstyle/reporter.go:67.46,68.31 1 1
epicstyle/reporter.go:68.31,70.28 2 1
epicstyle/reporter.go:70.28,72.4 1 1
epicstyle/reporter.go:73.3,74.26 2 1
epicstyle/reporter.go:74.26,76.4 1 1
epicstyle/reporter.go:81.38,84.29 3 1
epicstyle/reporter.go:84.29,87.3 2 1
epicstyle/reporter.go:87.8,87.36 1 1
epicstyle/reporter.go:87.36,90.3 2 1
epicstyle/reporter.go:90.8,90.36 1 1
epicstyle/reporter.go:90.36,93.3 2 1
epicstyle/reporter.go:95.2,100.282 5 1
epicstyle/reporter.go:104.48,111.2 5 1
epicstyle/rules.go:10.88,12.38 2 1
epicstyle/rules.go:12.38,13.21 1 1
epicstyle/rules.go:13.21,21.4 1 1
epicstyle/rules.go:23.2,23.19 1 1
epicstyle/rules.go:27.88,32.57 3 1
epicstyle/rules.go:32.57,40.3 1 1
epicstyle/rules.go:43.2,43.68 1 1
epicstyle/rules.go:43.68,51.3 1 1
epicstyle/rules.go:54.2,54.34 1 1
epicstyle/rules.go:54.34,55.79 1 1
epicstyle/rules.go:55.79,63.4 1 1
epicstyle/rules.go:66.2,66.19 1 1
epicstyle/rules.go:70.89,72.38 2 1
epicstyle/rules.go:72.38,73.38 1 1
epicstyle/rules.go:73.38,81.4 1 1
epicstyle/rules.go:83.2,83.19 1 1
epicstyle/rules.go:87.97,89.38 2 1
epicstyle/rules.go:89.38,93.80 2 1
epicstyle/rules.go:93.80,94.76 1 1
epicstyle/rules.go:94.76,102.5 1 1
epicstyle/rules.go:105.2,105.19 1 1
epicstyle/rules.go:109.94,112.2 1 1
epicstyle/rules.go:115.86,120.24 4 1
epicstyle/rules.go:120.24,128.3 1 1
epicstyle/rules.go:129.2,129.19 1 1
epicstyle/rules.go:133.91,137.38 3 1
epicstyle/rules.go:137.38,143.77 2 1
epicstyle/rules.go:143.77,144.42 1 1
epicstyle/rules.go:144.42,146.5 1 1
epicstyle/rules.go:150.2,150.19 1 1
epicstyle/rules.go:150.19,158.3 1 1
epicstyle/rules.go:159.2,159.19 1 1
epicstyle/rules.go:163.91,165.40 2 1
epicstyle/rules.go:165.40,166.49 1 1
epicstyle/rules.go:166.49,174.4 1 1
epicstyle/rules.go:176.2,176.19 1 1
epicstyle/rules.go:180.88,182.38 2 1
epicstyle/rules.go:182.38,184.45 2 1
epicstyle/rules.go:184.45,186.23 2 1
epicstyle/rules.go:186.23,188.41 2 1
epicstyle/rules.go:188.41,196.6 1 1
epicstyle/rules.go:200.2,200.19 1 1
epicstyle/rules.go:204.92,206.40 2 1
epicstyle/rules.go:206.40,208.18 2 1
epicstyle/rules.go:208.18,216.4 1 1
epicstyle/rules.go:218.2,218.19 1 1
epicstyle/rules.go:222.91,224.38 2 1
epicstyle/rules.go:224.38,225.35 1 1
epicstyle/rules.go:225.35,233.4 1 1
epicstyle/rules.go:235.2,235.19 1 1
epicstyle/rules.go:239.93,242.2 1 1
epicstyle/rules.go:245.93,248.2 1 1
epicstyle/rules.go:251.96,253.40 2 1
epicstyle/rules.go:253.40,254.24 1 1
epicstyle/rules.go:254.24,262.4 1 1
epicstyle/rules.go:264.2,264.19 1 1
epicstyle/rules.go:268.96,270.38 2 1
epicstyle/rules.go:270.38,272.76 2 1
epicstyle/rules.go:272.76,280.4 1 1
epicstyle/rules.go:282.2,282.19 1 1
